<?xml version="1.0" encoding="UTF-8"?>
<!-- Generated by org.testng.reporters.JUnitXMLReporter -->
<testsuite ignored="0" hostname="Swayam" failures="0" tests="8" name="Surefire test" time="3.03" errors="0" timestamp="2025-07-07T17:51:35 IST">
  <testcase classname="objects.Testcomponent.Basetest" name="@BeforeMethod launchApplication" time="0.01">
    <failure type="java.lang.NullPointerException" message="Cannot invoke &amp;quot;org.openqa.selenium.WebDriver.manage()&amp;quot; because &amp;quot;this.driver&amp;quot; is null">
      <![CDATA[java.lang.NullPointerException: Cannot invoke "org.openqa.selenium.WebDriver.manage()" because "this.driver" is null
at objects.Testcomponent.Basetest.filepath(Basetest.java:55)
at objects.Testcomponent.Basetest.launchApplication(Basetest.java:64)
at java.base/java.util.ArrayList.forEach(ArrayList.java:1596)
... Removed 34 stack frames]]>
    </failure>
  </testcase> <!-- @BeforeMethod launchApplication -->
  <testcase classname="objects.Testcomponent.Basetest" name="@AfterMethod quitBrowser" time="0.001">
    <failure type="java.lang.NullPointerException" message="Cannot invoke &amp;quot;org.openqa.selenium.WebDriver.quit()&amp;quot; because &amp;quot;this.driver&amp;quot; is null">
      <![CDATA[java.lang.NullPointerException: Cannot invoke "org.openqa.selenium.WebDriver.quit()" because "this.driver" is null
at objects.Testcomponent.Basetest.quitBrowser(Basetest.java:71)
at java.base/java.util.ArrayList.forEach(ArrayList.java:1596)
... Removed 35 stack frames]]>
    </failure>
  </testcase> <!-- @AfterMethod quitBrowser -->
  <testcase classname="objects.Testcomponent.Basetest" name="@BeforeMethod launchApplication" time="0.002">
    <failure type="java.lang.NullPointerException" message="Cannot invoke &amp;quot;org.openqa.selenium.WebDriver.manage()&amp;quot; because &amp;quot;this.driver&amp;quot; is null">
      <![CDATA[java.lang.NullPointerException: Cannot invoke "org.openqa.selenium.WebDriver.manage()" because "this.driver" is null
at objects.Testcomponent.Basetest.filepath(Basetest.java:55)
at objects.Testcomponent.Basetest.launchApplication(Basetest.java:64)
at java.base/java.util.ArrayList.forEach(ArrayList.java:1596)
... Removed 34 stack frames]]>
    </failure>
  </testcase> <!-- @BeforeMethod launchApplication -->
  <testcase classname="objects.Testcomponent.Basetest" name="@AfterMethod quitBrowser" time="0.002">
    <failure type="java.lang.NullPointerException" message="Cannot invoke &amp;quot;org.openqa.selenium.WebDriver.quit()&amp;quot; because &amp;quot;this.driver&amp;quot; is null">
      <![CDATA[java.lang.NullPointerException: Cannot invoke "org.openqa.selenium.WebDriver.quit()" because "this.driver" is null
at objects.Testcomponent.Basetest.quitBrowser(Basetest.java:71)
at java.base/java.util.ArrayList.forEach(ArrayList.java:1596)
... Removed 35 stack frames]]>
    </failure>
  </testcase> <!-- @AfterMethod quitBrowser -->
  <testcase classname="objects.Testcomponent.Basetest" name="@BeforeMethod launchApplication" time="0.003">
    <failure type="java.lang.NullPointerException" message="Cannot invoke &amp;quot;org.openqa.selenium.WebDriver.manage()&amp;quot; because &amp;quot;this.driver&amp;quot; is null">
      <![CDATA[java.lang.NullPointerException: Cannot invoke "org.openqa.selenium.WebDriver.manage()" because "this.driver" is null
at objects.Testcomponent.Basetest.filepath(Basetest.java:55)
at objects.Testcomponent.Basetest.launchApplication(Basetest.java:64)
at java.base/java.util.ArrayList.forEach(ArrayList.java:1596)
... Removed 34 stack frames]]>
    </failure>
  </testcase> <!-- @BeforeMethod launchApplication -->
  <testcase classname="objects.Testcomponent.Basetest" name="@AfterMethod quitBrowser" time="0.0">
    <failure type="java.lang.NullPointerException" message="Cannot invoke &amp;quot;org.openqa.selenium.WebDriver.quit()&amp;quot; because &amp;quot;this.driver&amp;quot; is null">
      <![CDATA[java.lang.NullPointerException: Cannot invoke "org.openqa.selenium.WebDriver.quit()" because "this.driver" is null
at objects.Testcomponent.Basetest.quitBrowser(Basetest.java:71)
at java.base/java.util.ArrayList.forEach(ArrayList.java:1596)
... Removed 35 stack frames]]>
    </failure>
  </testcase> <!-- @AfterMethod quitBrowser -->
  <testcase classname="objects.Testcomponent.Basetest" name="@BeforeMethod launchApplication" time="0.002">
    <failure type="java.lang.NullPointerException" message="Cannot invoke &amp;quot;org.openqa.selenium.WebDriver.manage()&amp;quot; because &amp;quot;this.driver&amp;quot; is null">
      <![CDATA[java.lang.NullPointerException: Cannot invoke "org.openqa.selenium.WebDriver.manage()" because "this.driver" is null
at objects.Testcomponent.Basetest.filepath(Basetest.java:55)
at objects.Testcomponent.Basetest.launchApplication(Basetest.java:64)
at java.base/java.util.ArrayList.forEach(ArrayList.java:1596)
... Removed 34 stack frames]]>
    </failure>
  </testcase> <!-- @BeforeMethod launchApplication -->
  <testcase classname="objects.Testcomponent.Basetest" name="@AfterMethod quitBrowser" time="0.001">
    <failure type="java.lang.NullPointerException" message="Cannot invoke &amp;quot;org.openqa.selenium.WebDriver.quit()&amp;quot; because &amp;quot;this.driver&amp;quot; is null">
      <![CDATA[java.lang.NullPointerException: Cannot invoke "org.openqa.selenium.WebDriver.quit()" because "this.driver" is null
at objects.Testcomponent.Basetest.quitBrowser(Basetest.java:71)
at java.base/java.util.ArrayList.forEach(ArrayList.java:1596)
... Removed 35 stack frames]]>
    </failure>
  </testcase> <!-- @AfterMethod quitBrowser -->
  <testcase classname="objects.Testcomponent.Basetest" name="@BeforeMethod launchApplication" time="0.001">
    <failure type="java.lang.NullPointerException" message="Cannot invoke &amp;quot;org.openqa.selenium.WebDriver.manage()&amp;quot; because &amp;quot;this.driver&amp;quot; is null">
      <![CDATA[java.lang.NullPointerException: Cannot invoke "org.openqa.selenium.WebDriver.manage()" because "this.driver" is null
at objects.Testcomponent.Basetest.filepath(Basetest.java:55)
at objects.Testcomponent.Basetest.launchApplication(Basetest.java:64)
at java.base/java.util.ArrayList.forEach(ArrayList.java:1596)
... Removed 34 stack frames]]>
    </failure>
  </testcase> <!-- @BeforeMethod launchApplication -->
  <testcase classname="objects.Testcomponent.Basetest" name="@AfterMethod quitBrowser" time="0.002">
    <failure type="java.lang.NullPointerException" message="Cannot invoke &amp;quot;org.openqa.selenium.WebDriver.quit()&amp;quot; because &amp;quot;this.driver&amp;quot; is null">
      <![CDATA[java.lang.NullPointerException: Cannot invoke "org.openqa.selenium.WebDriver.quit()" because "this.driver" is null
at objects.Testcomponent.Basetest.quitBrowser(Basetest.java:71)
at java.base/java.util.ArrayList.forEach(ArrayList.java:1596)
... Removed 35 stack frames]]>
    </failure>
  </testcase> <!-- @AfterMethod quitBrowser -->
  <testcase classname="globalproperty.resources.loginTest" name="loginPage" time="0.0">
    <skipped/>
  </testcase> <!-- loginPage -->
  <testcase classname="globalproperty.resources.loginTest" name="OrderList" time="0.001">
    <skipped/>
  </testcase> <!-- OrderList -->
  <testcase classname="objects.tests.errorloginTest" name="checkLoginerror" time="2.529"/>
  <testcase classname="objects.tests.ErrorValiationTest" name="LoginErrorValiation" time="0.0">
    <skipped/>
  </testcase> <!-- LoginErrorValiation -->
  <testcase classname="objects.tests.ErrorValiationTest" name="ProductErrorValidation" time="0.0">
    <skipped/>
  </testcase> <!-- ProductErrorValidation -->
  <testcase classname="objects.tests.StandaloneTest" name="loginPage" time="0.0">
    <skipped/>
  </testcase> <!-- loginPage -->
  <testcase classname="objects.tests.StandaloneTest" name="loginPage" time="0.0">
    <skipped/>
  </testcase> <!-- loginPage -->
  <testcase classname="objects.tests.StandaloneTest" name="OrderList" time="0.0">
    <skipped/>
  </testcase> <!-- OrderList -->
</testsuite> <!-- Surefire test -->
