<?xml version="1.0" encoding="UTF-8"?>
<!-- Generated by org.testng.reporters.JUnitXMLReporter -->
<testsuite ignored="1" hostname="Swayam" failures="0" tests="1" name="ErrorHandle" time="5.133" errors="0" timestamp="2025-07-10T16:46:54 IST">
  <testcase classname="objects.tests.ErrorValiationTest" name="ProductErrorValidation" time="2.331"/>
  <testcase classname="objects.tests.ErrorValiationTest" name="LoginErrorValiation" time="0.0">
    <ignored/>
  </testcase> <!-- LoginErrorValiation -->
</testsuite> <!-- ErrorHandle -->
