<?xml version="1.0" encoding="UTF-8"?>
<!-- Generated by org.testng.reporters.JUnitXMLReporter -->
<testsuite ignored="0" hostname="Swayam" failures="0" tests="5" name="Testing Framework" time="28.59" errors="0" timestamp="2025-07-18T15:00:33 IST">
  <testcase classname="objects.tests.ErrorValidationTest" name="LoginErrorValiation" time="0.834"/>
  <testcase classname="objects.tests.ErrorValidationTest" name="ProductErrorValidation" time="2.492"/>
  <testcase classname="objects.tests.StandaloneTest" name="loginPage" time="3.423"/>
  <testcase classname="objects.tests.StandaloneTest" name="loginPage" time="3.898"/>
  <testcase classname="objects.tests.StandaloneTest" name="OrderList" time="0.755"/>
</testsuite> <!-- Testing Framework -->
