<?xml version="1.0" encoding="UTF-8"?>
<!-- Generated by org.testng.reporters.JUnitXMLReporter -->
<testsuite ignored="0" hostname="Swayam" failures="0" tests="3" name="LogintoPage" time="28.553" errors="0" timestamp="2025-07-10T16:45:11 IST">
  <testcase classname="objects.tests.StandaloneTest" name="loginPage" time="4.105"/>
  <testcase classname="objects.tests.StandaloneTest" name="loginPage" time="4.225"/>
  <testcase classname="objects.tests.StandaloneTest" name="OrderList" time="0.551"/>
</testsuite> <!-- LogintoPage -->
