<?xml version="1.0" encoding="UTF-8"?>
<testng-results ignored="0" total="5" passed="5" failed="0" skipped="0">
  <reporter-output>
  </reporter-output>
  <suite started-at="2025-07-10T16:44:43 IST" name="Suite" finished-at="2025-07-10T16:45:11 IST" duration-ms="28553">
    <groups>
      <group name="ErrorHandling">
        <method signature="ErrorValiationTest.LoginErrorValiation()[pri:0, instance:objects.tests.ErrorValiationTest@9816741]" name="LoginErrorValiation" class="objects.tests.ErrorValiationTest"/>
      </group> <!-- ErrorHandling -->
      <group name="Purchase">
        <method signature="StandaloneTest.loginPage(java.util.HashMap)[pri:0, instance:objects.tests.StandaloneTest@7bd7d6d6]" name="loginPage" class="objects.tests.StandaloneTest"/>
      </group> <!-- Purchase -->
      <group name="ProductError">
        <method signature="ErrorValiationTest.ProductErrorValidation()[pri:0, instance:objects.tests.ErrorValiationTest@9816741]" name="ProductErrorValidation" class="objects.tests.ErrorValiationTest"/>
      </group> <!-- ProductError -->
    </groups>
    <test started-at="2025-07-10T16:44:43 IST" name="ErrorHandle" finished-at="2025-07-10T16:44:53 IST" duration-ms="10648">
      <class name="objects.tests.ErrorValiationTest">
        <test-method is-config="true" signature="launchApplication()[pri:0, instance:objects.tests.ErrorValiationTest@9816741]" started-at="2025-07-10T16:44:43 IST" name="launchApplication" finished-at="2025-07-10T16:44:46 IST" duration-ms="3006" status="PASS">
          <reporter-output>
          </reporter-output>
        </test-method> <!-- launchApplication -->
        <test-method signature="LoginErrorValiation()[pri:0, instance:objects.tests.ErrorValiationTest@9816741]" started-at="2025-07-10T16:44:46 IST" name="LoginErrorValiation" finished-at="2025-07-10T16:44:47 IST" duration-ms="976" status="PASS">
          <reporter-output>
          </reporter-output>
        </test-method> <!-- LoginErrorValiation -->
        <test-method is-config="true" signature="quitBrowser()[pri:0, instance:objects.tests.ErrorValiationTest@9816741]" started-at="2025-07-10T16:44:47 IST" name="quitBrowser" finished-at="2025-07-10T16:44:47 IST" duration-ms="280" status="PASS">
          <reporter-output>
          </reporter-output>
        </test-method> <!-- quitBrowser -->
        <test-method is-config="true" signature="launchApplication()[pri:0, instance:objects.tests.ErrorValiationTest@9816741]" started-at="2025-07-10T16:44:47 IST" name="launchApplication" finished-at="2025-07-10T16:44:50 IST" duration-ms="3166" status="PASS">
          <reporter-output>
          </reporter-output>
        </test-method> <!-- launchApplication -->
        <test-method signature="ProductErrorValidation()[pri:0, instance:objects.tests.ErrorValiationTest@9816741]" started-at="2025-07-10T16:44:50 IST" name="ProductErrorValidation" finished-at="2025-07-10T16:44:53 IST" duration-ms="2909" status="PASS">
          <reporter-output>
          </reporter-output>
        </test-method> <!-- ProductErrorValidation -->
        <test-method is-config="true" signature="quitBrowser()[pri:0, instance:objects.tests.ErrorValiationTest@9816741]" started-at="2025-07-10T16:44:53 IST" name="quitBrowser" finished-at="2025-07-10T16:44:53 IST" duration-ms="245" status="PASS">
          <reporter-output>
          </reporter-output>
        </test-method> <!-- quitBrowser -->
      </class> <!-- objects.tests.ErrorValiationTest -->
    </test> <!-- ErrorHandle -->
    <test started-at="2025-07-10T16:44:43 IST" name="LogintoPage" finished-at="2025-07-10T16:45:11 IST" duration-ms="28553">
      <class name="objects.tests.StandaloneTest">
        <test-method is-config="true" signature="launchApplication()[pri:0, instance:objects.tests.StandaloneTest@7bd7d6d6]" started-at="2025-07-10T16:44:43 IST" name="launchApplication" finished-at="2025-07-10T16:44:57 IST" duration-ms="13685" status="PASS">
          <reporter-output>
          </reporter-output>
        </test-method> <!-- launchApplication -->
        <test-method signature="loginPage(java.util.HashMap)[pri:0, instance:objects.tests.StandaloneTest@7bd7d6d6]" started-at="2025-07-10T16:44:57 IST" name="loginPage" data-provider="getData" finished-at="2025-07-10T16:45:01 IST" duration-ms="4105" status="PASS">
          <params>
            <param index="0">
              <value>
                <![CDATA[{password=Deep1234, product=ADIDAS ORIGINAL, email=abc12945@gmail.com}]]>
              </value>
            </param>
          </params>
          <reporter-output>
          </reporter-output>
        </test-method> <!-- loginPage -->
        <test-method is-config="true" signature="quitBrowser()[pri:0, instance:objects.tests.StandaloneTest@7bd7d6d6]" started-at="2025-07-10T16:45:01 IST" name="quitBrowser" finished-at="2025-07-10T16:45:01 IST" duration-ms="220" status="PASS">
          <reporter-output>
          </reporter-output>
        </test-method> <!-- quitBrowser -->
        <test-method is-config="true" signature="launchApplication()[pri:0, instance:objects.tests.StandaloneTest@7bd7d6d6]" started-at="2025-07-10T16:45:01 IST" name="launchApplication" finished-at="2025-07-10T16:45:04 IST" duration-ms="2975" status="PASS">
          <reporter-output>
          </reporter-output>
        </test-method> <!-- launchApplication -->
        <test-method signature="loginPage(java.util.HashMap)[pri:0, instance:objects.tests.StandaloneTest@7bd7d6d6]" started-at="2025-07-10T16:45:04 IST" name="loginPage" data-provider="getData" finished-at="2025-07-10T16:45:08 IST" duration-ms="4225" status="PASS">
          <params>
            <param index="0">
              <value>
                <![CDATA[{password=Kalash18, product=ZARA COAT 3, email=azy@gmail.com}]]>
              </value>
            </param>
          </params>
          <reporter-output>
          </reporter-output>
        </test-method> <!-- loginPage -->
        <test-method is-config="true" signature="quitBrowser()[pri:0, instance:objects.tests.StandaloneTest@7bd7d6d6]" started-at="2025-07-10T16:45:08 IST" name="quitBrowser" finished-at="2025-07-10T16:45:08 IST" duration-ms="230" status="PASS">
          <reporter-output>
          </reporter-output>
        </test-method> <!-- quitBrowser -->
        <test-method is-config="true" signature="launchApplication()[pri:0, instance:objects.tests.StandaloneTest@7bd7d6d6]" started-at="2025-07-10T16:45:08 IST" name="launchApplication" finished-at="2025-07-10T16:45:11 IST" duration-ms="2204" status="PASS">
          <reporter-output>
          </reporter-output>
        </test-method> <!-- launchApplication -->
        <test-method signature="OrderList()[pri:0, instance:objects.tests.StandaloneTest@7bd7d6d6]" started-at="2025-07-10T16:45:11 IST" name="OrderList" finished-at="2025-07-10T16:45:11 IST" depends-on-methods="objects.tests.StandaloneTest.loginPage" duration-ms="551" status="PASS">
          <reporter-output>
          </reporter-output>
        </test-method> <!-- OrderList -->
        <test-method is-config="true" signature="quitBrowser()[pri:0, instance:objects.tests.StandaloneTest@7bd7d6d6]" started-at="2025-07-10T16:45:11 IST" name="quitBrowser" finished-at="2025-07-10T16:45:11 IST" duration-ms="127" status="PASS">
          <reporter-output>
          </reporter-output>
        </test-method> <!-- quitBrowser -->
      </class> <!-- objects.tests.StandaloneTest -->
    </test> <!-- LogintoPage -->
  </suite> <!-- Suite -->
</testng-results>
