<?xml version="1.0" encoding="UTF-8"?>
<testng-results ignored="0" total="5" passed="5" failed="0" skipped="0">
  <reporter-output>
  </reporter-output>
  <suite started-at="2025-07-18T15:00:04 IST" name="Suite" finished-at="2025-07-18T15:00:33 IST" duration-ms="28590">
    <groups>
      <group name="ErrorHandling">
        <method signature="ErrorValidationTest.LoginErrorValiation()[pri:0, instance:objects.tests.ErrorValidationTest@2f4948e4]" name="LoginErrorValiation" class="objects.tests.ErrorValidationTest"/>
      </group> <!-- ErrorHandling -->
      <group name="Purchase">
        <method signature="StandaloneTest.loginPage(java.util.HashMap)[pri:0, instance:objects.tests.StandaloneTest@49438269]" name="loginPage" class="objects.tests.StandaloneTest"/>
      </group> <!-- Purchase -->
      <group name="ProductError">
        <method signature="ErrorValidationTest.ProductErrorValidation()[pri:0, instance:objects.tests.ErrorValidationTest@2f4948e4]" name="ProductErrorValidation" class="objects.tests.ErrorValidationTest"/>
      </group> <!-- ProductError -->
    </groups>
    <test started-at="2025-07-18T15:00:04 IST" name="Testing Framework" finished-at="2025-07-18T15:00:33 IST" duration-ms="28590">
      <class name="objects.tests.ErrorValidationTest">
        <test-method is-config="true" signature="launchApplication()[pri:0, instance:objects.tests.ErrorValidationTest@2f4948e4]" started-at="2025-07-18T15:00:04 IST" name="launchApplication" finished-at="2025-07-18T15:00:12 IST" duration-ms="7569" status="PASS">
          <reporter-output>
          </reporter-output>
        </test-method> <!-- launchApplication -->
        <test-method signature="LoginErrorValiation()[pri:0, instance:objects.tests.ErrorValidationTest@2f4948e4]" started-at="2025-07-18T15:00:12 IST" name="LoginErrorValiation" finished-at="2025-07-18T15:00:12 IST" duration-ms="834" status="PASS">
          <reporter-output>
          </reporter-output>
        </test-method> <!-- LoginErrorValiation -->
        <test-method is-config="true" signature="quitBrowser()[pri:0, instance:objects.tests.ErrorValidationTest@2f4948e4]" started-at="2025-07-18T15:00:12 IST" name="quitBrowser" finished-at="2025-07-18T15:00:13 IST" duration-ms="143" status="PASS">
          <reporter-output>
          </reporter-output>
        </test-method> <!-- quitBrowser -->
        <test-method is-config="true" signature="launchApplication()[pri:0, instance:objects.tests.ErrorValidationTest@2f4948e4]" started-at="2025-07-18T15:00:13 IST" name="launchApplication" finished-at="2025-07-18T15:00:15 IST" duration-ms="2166" status="PASS">
          <reporter-output>
          </reporter-output>
        </test-method> <!-- launchApplication -->
        <test-method signature="ProductErrorValidation()[pri:0, instance:objects.tests.ErrorValidationTest@2f4948e4]" started-at="2025-07-18T15:00:15 IST" name="ProductErrorValidation" finished-at="2025-07-18T15:00:17 IST" duration-ms="2492" status="PASS">
          <reporter-output>
          </reporter-output>
        </test-method> <!-- ProductErrorValidation -->
        <test-method is-config="true" signature="quitBrowser()[pri:0, instance:objects.tests.ErrorValidationTest@2f4948e4]" started-at="2025-07-18T15:00:17 IST" name="quitBrowser" finished-at="2025-07-18T15:00:17 IST" duration-ms="172" status="PASS">
          <reporter-output>
          </reporter-output>
        </test-method> <!-- quitBrowser -->
      </class> <!-- objects.tests.ErrorValidationTest -->
      <class name="objects.tests.StandaloneTest">
        <test-method is-config="true" signature="launchApplication()[pri:0, instance:objects.tests.StandaloneTest@49438269]" started-at="2025-07-18T15:00:18 IST" name="launchApplication" finished-at="2025-07-18T15:00:21 IST" duration-ms="3687" status="PASS">
          <reporter-output>
          </reporter-output>
        </test-method> <!-- launchApplication -->
        <test-method signature="loginPage(java.util.HashMap)[pri:0, instance:objects.tests.StandaloneTest@49438269]" started-at="2025-07-18T15:00:21 IST" name="loginPage" data-provider="getData" finished-at="2025-07-18T15:00:25 IST" duration-ms="3423" status="PASS">
          <params>
            <param index="0">
              <value>
                <![CDATA[{password=Deep1234, product=ADIDAS ORIGINAL, email=abc12945@gmail.com}]]>
              </value>
            </param>
          </params>
          <reporter-output>
          </reporter-output>
        </test-method> <!-- loginPage -->
        <test-method is-config="true" signature="quitBrowser()[pri:0, instance:objects.tests.StandaloneTest@49438269]" started-at="2025-07-18T15:00:25 IST" name="quitBrowser" finished-at="2025-07-18T15:00:25 IST" duration-ms="171" status="PASS">
          <reporter-output>
          </reporter-output>
        </test-method> <!-- quitBrowser -->
        <test-method is-config="true" signature="launchApplication()[pri:0, instance:objects.tests.StandaloneTest@49438269]" started-at="2025-07-18T15:00:25 IST" name="launchApplication" finished-at="2025-07-18T15:00:26 IST" duration-ms="855" status="PASS">
          <reporter-output>
          </reporter-output>
        </test-method> <!-- launchApplication -->
        <test-method signature="loginPage(java.util.HashMap)[pri:0, instance:objects.tests.StandaloneTest@49438269]" started-at="2025-07-18T15:00:26 IST" name="loginPage" data-provider="getData" finished-at="2025-07-18T15:00:30 IST" duration-ms="3898" status="PASS">
          <params>
            <param index="0">
              <value>
                <![CDATA[{password=Kalash18, product=ZARA COAT 3, email=azy@gmail.com}]]>
              </value>
            </param>
          </params>
          <reporter-output>
          </reporter-output>
        </test-method> <!-- loginPage -->
        <test-method is-config="true" signature="quitBrowser()[pri:0, instance:objects.tests.StandaloneTest@49438269]" started-at="2025-07-18T15:00:30 IST" name="quitBrowser" finished-at="2025-07-18T15:00:30 IST" duration-ms="117" status="PASS">
          <reporter-output>
          </reporter-output>
        </test-method> <!-- quitBrowser -->
        <test-method is-config="true" signature="launchApplication()[pri:0, instance:objects.tests.StandaloneTest@49438269]" started-at="2025-07-18T15:00:30 IST" name="launchApplication" finished-at="2025-07-18T15:00:32 IST" duration-ms="1908" status="PASS">
          <reporter-output>
          </reporter-output>
        </test-method> <!-- launchApplication -->
        <test-method signature="OrderList()[pri:0, instance:objects.tests.StandaloneTest@49438269]" started-at="2025-07-18T15:00:32 IST" name="OrderList" finished-at="2025-07-18T15:00:32 IST" depends-on-methods="objects.tests.StandaloneTest.loginPage" duration-ms="755" status="PASS">
          <reporter-output>
          </reporter-output>
        </test-method> <!-- OrderList -->
        <test-method is-config="true" signature="quitBrowser()[pri:0, instance:objects.tests.StandaloneTest@49438269]" started-at="2025-07-18T15:00:32 IST" name="quitBrowser" finished-at="2025-07-18T15:00:33 IST" duration-ms="100" status="PASS">
          <reporter-output>
          </reporter-output>
        </test-method> <!-- quitBrowser -->
      </class> <!-- objects.tests.StandaloneTest -->
    </test> <!-- Testing Framework -->
  </suite> <!-- Suite -->
</testng-results>
