<?xml version="1.0" encoding="UTF-8"?>
<testng-results ignored="3" total="4" passed="1" failed="0" skipped="0">
  <reporter-output>
  </reporter-output>
  <suite started-at="2025-07-10T16:46:49 IST" name="Suite" finished-at="2025-07-10T16:46:54 IST" duration-ms="5133">
    <groups>
      <group name="ProductError">
        <method signature="ErrorValiationTest.ProductErrorValidation()[pri:0, instance:objects.tests.ErrorValiationTest@6a2f6f80]" name="ProductErrorValidation" class="objects.tests.ErrorValiationTest"/>
      </group> <!-- ProductError -->
    </groups>
    <test started-at="2025-07-10T16:46:49 IST" name="LogintoPage" finished-at="2025-07-10T16:46:49 IST" duration-ms="12">
    </test> <!-- LogintoPage -->
    <test started-at="2025-07-10T16:46:49 IST" name="ErrorHandle" finished-at="2025-07-10T16:46:54 IST" duration-ms="5133">
      <class name="objects.tests.ErrorValiationTest">
        <test-method is-config="true" signature="launchApplication()[pri:0, instance:objects.tests.ErrorValiationTest@6a2f6f80]" started-at="2025-07-10T16:46:49 IST" name="launchApplication" finished-at="2025-07-10T16:46:51 IST" duration-ms="2586" status="PASS">
          <reporter-output>
          </reporter-output>
        </test-method> <!-- launchApplication -->
        <test-method signature="ProductErrorValidation()[pri:0, instance:objects.tests.ErrorValiationTest@6a2f6f80]" started-at="2025-07-10T16:46:51 IST" name="ProductErrorValidation" finished-at="2025-07-10T16:46:54 IST" duration-ms="2331" status="PASS">
          <reporter-output>
          </reporter-output>
        </test-method> <!-- ProductErrorValidation -->
        <test-method is-config="true" signature="quitBrowser()[pri:0, instance:objects.tests.ErrorValiationTest@6a2f6f80]" started-at="2025-07-10T16:46:54 IST" name="quitBrowser" finished-at="2025-07-10T16:46:54 IST" duration-ms="165" status="PASS">
          <reporter-output>
          </reporter-output>
        </test-method> <!-- quitBrowser -->
      </class> <!-- objects.tests.ErrorValiationTest -->
    </test> <!-- ErrorHandle -->
  </suite> <!-- Suite -->
</testng-results>
